:COMSYS After 4303 simulations
:COMSYS Best payoff is 124.036
:COMSYS Too many Iterations. Optimization not complete
:OPTIMIZER=Powell
:SENSITIVITY=Payoff Value=1.92
:MULTIPLE_START=RRandom
:RANDOM_NUMBER=Default
:OUTPUT_LEVEL=On
:TRACE=Off
:MAX_ITERATIONS=10000
:RESTART_MAX=10
:PASS_LIMIT=2
:FRACTIONAL_TOLERANCE=0.0003
:TOLERANCE_MULTIPLIER=21
:ABSOLUTE_TOLERANCE=1
:SCALE_ABSOLUTE=1
:VECTOR_POINTS=25
:MCLIMIT=0
:MCJUMP=0.05
:MCBURNIN=0
:MCDELTA=0.0001
:MCTEMP=1
:MCNCHAINS=2
:MCUPDATEPAIRS=2
:MCSCHEDULE=0
:MCOUTLIER=0.05
:MCXOVER=0.2
:MCCOOLING=1000
:MCINITMETHOD=0
:MCPAYOFFTYPE=0
:MCGAMMA=1
:MCRECORD=0
:MCKNN=0
:MCEPSILON=0.01
:MCFTEMP=1
0 <= sens LFPR income = 0.466582  <= 10
-0.025 <= LFPR trends[female,low] = 0.00748443  <= 0.025
-0.025 <= LFPR trends[female,mid] = 0.00216107  <= 0.025
-0.025 <= LFPR trends[female,hig] = 0.00875333  <= 0.025
-0.025 <= LFPR trends[male,low] = 0.00306347  <= 0.025
-0.025 <= LFPR trends[male,mid] = 0.00405327  <= 0.025
-0.025 <= LFPR trends[male,hig] = 0.00635402  <= 0.025
