:COMSYS After 5757 simulations
:COMSYS Best payoff is 428.71
:COMSYS Too many Iterations. Optimization not complete
:OPTIMIZER=Powell
:SENSITIVITY=Payoff Value=1.92
:MULTIPLE_START=RRandom
:RANDOM_NUMBER=Default
:OUTPUT_LEVEL=On
:TRACE=Off
:MAX_ITERATIONS=100
:SIMS_MAX=10000
:RESTART_MAX=10
:PASS_LIMIT=2
:FRACTIONAL_TOLERANCE=0.0003
:TOLERANCE_MULTIPLIER=21
:ABSOLUTE_TOLERANCE=1
:SCALE_ABSOLUTE=1
:VECTOR_POINTS=25
:MCLIMIT=0
:MCJUMP=0.05
:MCBURNIN=0
:MCDELTA=0.0001
:MCTEMP=1
:MCNCHAINS=2
:MCUPDATEPAIRS=2
:MCSCHEDULE=0
:MCOUTLIER=0.05
:MCXOVER=0.2
:MCCOOLING=1000
:MCINITMETHOD=0
:MCPAYOFFTYPE=0
:MCGAMMA=1
:MCRECORD=0
:MCKNN=0
:MCEPSILON=0.01
:MCFTEMP=1
0.01 <= markup calibration parm i[agri] = 0.01  <= 1
0.01 <= markup calibration parm i[mining] = 1  <= 1
0.01 <= markup calibration parm i[manufacturing] = 1  <= 1
0.01 <= markup calibration parm i[petroleum] = 1  <= 1
0.01 <= markup calibration parm i[vehicles] = 1  <= 1
0.01 <= markup calibration parm i[electricity ind] = 1  <= 1
0.01 <= markup calibration parm i[gas ind] = 0.01  <= 1
0.01 <= markup calibration parm i[heat ind] = 1  <= 1
0.01 <= markup calibration parm i[water] = 1  <= 1
0.01 <= markup calibration parm i[construction] = 1  <= 1
0.01 <= markup calibration parm i[trade] = 1  <= 1
0.01 <= markup calibration parm i[transport] = 1  <= 1
0.01 <= markup calibration parm i[hospitality] = 0.01  <= 1
0.01 <= markup calibration parm i[ict] = 1  <= 1
0.01 <= markup calibration parm i[finance] = 0.01  <= 1
0.01 <= markup calibration parm i[realestate] = 0.342785  <= 1
0.01 <= markup calibration parm i[profserv] = 0.01  <= 1
0.01 <= markup calibration parm i[public] = 0.281935  <= 1
0.01 <= markup calibration parm i[education] = 0.336708  <= 1
0.01 <= markup calibration parm i[health] = 0.951943  <= 1
0.01 <= markup calibration parm i[households] = 0.286779  <= 1
