:COMSYS After 2015993 simulations
:COMSYS Best payoff is 79.6527
:COMSYS Normally terminated optimization
:OPTIMIZER=Powell
:SENSITIVITY=Off
:MULTIPLE_START=RRandom
:RANDOM_NUMBER=Default
:OUTPUT_LEVEL=On
:TRACE=Off
:MAX_ITERATIONS=10000000
:RESTART_MAX=10000
:PASS_LIMIT=2
:FRACTIONAL_TOLERANCE=0.0003
:TOLERANCE_MULTIPLIER=21
:ABSOLUTE_TOLERANCE=1
:SCALE_ABSOLUTE=1
:VECTOR_POINTS=25
:MCLIMIT=1000000
:MCJUMP=0.05
:MCBURNIN=950000
:MCDELTA=0.0001
:MCTEMP=1
:MCNCHAINS=2
:MCUPDATEPAIRS=2
:MCSCHEDULE=0
:MCOUTLIER=0.05
:MCXOVER=0.2
:MCCOOLING=1000
:MCINITMETHOD=0
:MCPAYOFFTYPE=0
:MCGAMMA=1
:MCRECORD=0
:MCKNN=0
:MCEPSILON=0.01
:MCFTEMP=1
-1 <= S1 trend entry skill gs[p1524,female,low] = 0.100506  <= 1
-1 <= S1 trend entry skill gs[p1524,female,mid] = 0.0152209  <= 1
-1 <= S1 trend entry skill gs[p1524,male,low] = 0.0875569  <= 1
-1 <= S1 trend entry skill gs[p1524,male,mid] = 0.0101478  <= 1
