:COMSYS After 1466782 simulations
:COMSYS Best payoff is 157.754
:COMSYS Normally terminated optimization
:OPTIMIZER=Powell
:SENSITIVITY=Off
:MULTIPLE_START=RRandom
:RANDOM_NUMBER=Default
:OUTPUT_LEVEL=On
:TRACE=Off
:MAX_ITERATIONS=10000000
:RESTART_MAX=10000
:PASS_LIMIT=2
:FRACTIONAL_TOLERANCE=0.0003
:TOLERANCE_MULTIPLIER=21
:ABSOLUTE_TOLERANCE=1
:SCALE_ABSOLUTE=1
:VECTOR_POINTS=25
:MCLIMIT=1000000
:MCJUMP=0.05
:MCBURNIN=950000
:MCDELTA=0.0001
:MCTEMP=1
:MCNCHAINS=2
:MCUPDATEPAIRS=2
:MCSCHEDULE=0
:MCOUTLIER=0.05
:MCXOVER=0.2
:MCCOOLING=1000
:MCINITMETHOD=0
:MCPAYOFFTYPE=0
:MCGAMMA=1
:MCRECORD=0
:MCKNN=0
:MCEPSILON=0.01
:MCFTEMP=1
0 <= sens skill cs[low,p2544] = 0.415339  <= 10
0 <= sens skill cs[low,p4564] = 0.0263664  <= 10
0 <= sens skill cs[mid,p4564] = 0  <= 10
0 <= sens skill cs[mid,p2544] = 0.831823  <= 10
