:COMSYS After 27208784 simulations
:COMSYS Best payoff is 1572.24
:COMSYS User terminated multiple search session
:OPTIMIZER=Powell
:SENSITIVITY=Off
:MULTIPLE_START=RRandom
:RANDOM_NUMBER=Default
:OUTPUT_LEVEL=On
:TRACE=Off
:MAX_ITERATIONS=100000000
:RESTART_MAX=1000000
:PASS_LIMIT=2
:FRACTIONAL_TOLERANCE=0.0003
:TOLERANCE_MULTIPLIER=21
:ABSOLUTE_TOLERANCE=1
:SCALE_ABSOLUTE=1
:VECTOR_POINTS=25
:MCLIMIT=0
:MCJUMP=0.05
:MCBURNIN=0
:MCDELTA=0.0001
:MCTEMP=1
:MCNCHAINS=2
:MCUPDATEPAIRS=2
:MCSCHEDULE=0
:MCOUTLIER=0.05
:MCXOVER=0.2
:MCCOOLING=1000
:MCINITMETHOD=0
:MCPAYOFFTYPE=0
:MCGAMMA=1
:MCRECORD=0
:MCKNN=0
:MCEPSILON=0.01
:MCFTEMP=1
0 <= basic omega price =  0.328201   <= 1
0 <= omega overall lambda =  0.158172   <= 1
0 <= unempl wage sensitivity =  0.0031861  <= 1
0 <= omega lambda[hig] = 0.589344  <= 1
0 <= omega lambda[mid] = 0.560799  <= 1
0 <= omega lambda[low] = 0.359847  <= 1
0 <= omega employment = 0.0263942   <= 1
